{"C:\\Users\\fotis\\.gemini\\antigravity\\brain\\GlycoGourmet\\src\\services\\metabolicEngine.ts": {"path":"C:\\Users\\fotis\\.gemini\\antigravity\\brain\\GlycoGourmet\\src\\services\\metabolicEngine.ts","statementMap":{"0":{"start":{"line":50,"column":56},"end":{"line":58,"column":null}},"1":{"start":{"line":61,"column":2},"end":{"line":61,"column":null}},"2":{"start":{"line":61,"column":18},"end":{"line":61,"column":null}},"3":{"start":{"line":62,"column":14},"end":{"line":62,"column":null}},"4":{"start":{"line":63,"column":2},"end":{"line":63,"column":null}},"5":{"start":{"line":67,"column":2},"end":{"line":67,"column":null}},"6":{"start":{"line":67,"column":55},"end":{"line":67,"column":null}},"7":{"start":{"line":68,"column":12},"end":{"line":68,"column":null}},"8":{"start":{"line":69,"column":2},"end":{"line":69,"column":null}},"9":{"start":{"line":73,"column":12},"end":{"line":73,"column":null}},"10":{"start":{"line":74,"column":2},"end":{"line":74,"column":null}},"11":{"start":{"line":78,"column":12},"end":{"line":78,"column":null}},"12":{"start":{"line":79,"column":12},"end":{"line":79,"column":null}},"13":{"start":{"line":80,"column":2},"end":{"line":80,"column":null}},"14":{"start":{"line":84,"column":13},"end":{"line":84,"column":null}},"15":{"start":{"line":85,"column":13},"end":{"line":85,"column":null}},"16":{"start":{"line":86,"column":2},"end":{"line":86,"column":null}},"17":{"start":{"line":86,"column":26},"end":{"line":86,"column":null}},"18":{"start":{"line":87,"column":2},"end":{"line":87,"column":null}},"19":{"start":{"line":94,"column":23},"end":{"line":94,"column":null}},"20":{"start":{"line":95,"column":15},"end":{"line":95,"column":null}},"21":{"start":{"line":97,"column":18},"end":{"line":97,"column":null}},"22":{"start":{"line":98,"column":21},"end":{"line":98,"column":null}},"23":{"start":{"line":99,"column":17},"end":{"line":99,"column":null}},"24":{"start":{"line":100,"column":19},"end":{"line":100,"column":null}},"25":{"start":{"line":101,"column":19},"end":{"line":101,"column":null}},"26":{"start":{"line":102,"column":22},"end":{"line":102,"column":null}},"27":{"start":{"line":104,"column":22},"end":{"line":104,"column":null}},"28":{"start":{"line":105,"column":24},"end":{"line":105,"column":null}},"29":{"start":{"line":107,"column":2},"end":{"line":141,"column":null}},"30":{"start":{"line":107,"column":15},"end":{"line":107,"column":18}},"31":{"start":{"line":108,"column":17},"end":{"line":108,"column":null}},"32":{"start":{"line":109,"column":4},"end":{"line":109,"column":null}},"33":{"start":{"line":109,"column":15},"end":{"line":109,"column":null}},"34":{"start":{"line":111,"column":36},"end":{"line":111,"column":null}},"35":{"start":{"line":112,"column":26},"end":{"line":112,"column":null}},"36":{"start":{"line":113,"column":22},"end":{"line":113,"column":null}},"37":{"start":{"line":114,"column":18},"end":{"line":114,"column":null}},"38":{"start":{"line":116,"column":22},"end":{"line":116,"column":null}},"39":{"start":{"line":117,"column":18},"end":{"line":117,"column":null}},"40":{"start":{"line":118,"column":18},"end":{"line":118,"column":null}},"41":{"start":{"line":119,"column":15},"end":{"line":119,"column":null}},"42":{"start":{"line":121,"column":17},"end":{"line":121,"column":null}},"43":{"start":{"line":122,"column":20},"end":{"line":122,"column":null}},"44":{"start":{"line":123,"column":16},"end":{"line":123,"column":null}},"45":{"start":{"line":125,"column":4},"end":{"line":125,"column":null}},"46":{"start":{"line":126,"column":4},"end":{"line":126,"column":null}},"47":{"start":{"line":127,"column":4},"end":{"line":127,"column":null}},"48":{"start":{"line":128,"column":4},"end":{"line":128,"column":null}},"49":{"start":{"line":129,"column":4},"end":{"line":129,"column":null}},"50":{"start":{"line":130,"column":4},"end":{"line":130,"column":null}},"51":{"start":{"line":132,"column":19},"end":{"line":132,"column":null}},"52":{"start":{"line":133,"column":20},"end":{"line":133,"column":null}},"53":{"start":{"line":134,"column":23},"end":{"line":134,"column":null}},"54":{"start":{"line":135,"column":24},"end":{"line":135,"column":null}},"55":{"start":{"line":137,"column":4},"end":{"line":140,"column":null}},"56":{"start":{"line":138,"column":6},"end":{"line":138,"column":null}},"57":{"start":{"line":139,"column":6},"end":{"line":139,"column":null}},"58":{"start":{"line":143,"column":31},"end":{"line":143,"column":null}},"59":{"start":{"line":145,"column":32},"end":{"line":145,"column":null}},"60":{"start":{"line":146,"column":2},"end":{"line":150,"column":null}},"61":{"start":{"line":147,"column":4},"end":{"line":147,"column":null}},"62":{"start":{"line":148,"column":9},"end":{"line":150,"column":null}},"63":{"start":{"line":149,"column":4},"end":{"line":149,"column":null}},"64":{"start":{"line":152,"column":29},"end":{"line":152,"column":null}},"65":{"start":{"line":153,"column":27},"end":{"line":153,"column":null}},"66":{"start":{"line":154,"column":2},"end":{"line":156,"column":null}},"67":{"start":{"line":155,"column":4},"end":{"line":155,"column":null}},"68":{"start":{"line":158,"column":2},"end":{"line":167,"column":null}}},"fnMap":{"0":{"name":"getPrepStateMultiplier","decl":{"start":{"line":60,"column":16},"end":{"line":60,"column":39}},"loc":{"start":{"line":60,"column":74},"end":{"line":64,"column":null}},"line":60},"1":{"name":"safeNum","decl":{"start":{"line":66,"column":16},"end":{"line":66,"column":24}},"loc":{"start":{"line":66,"column":56},"end":{"line":70,"column":null}},"line":66},"2":{"name":"roundToOneDecimal","decl":{"start":{"line":72,"column":16},"end":{"line":72,"column":34}},"loc":{"start":{"line":72,"column":52},"end":{"line":75,"column":null}},"line":72},"3":{"name":"calculateNetCarbs","decl":{"start":{"line":77,"column":16},"end":{"line":77,"column":34}},"loc":{"start":{"line":77,"column":66},"end":{"line":81,"column":null}},"line":77},"4":{"name":"calculateIngredientGL","decl":{"start":{"line":83,"column":16},"end":{"line":83,"column":38}},"loc":{"start":{"line":83,"column":79},"end":{"line":88,"column":null}},"line":83},"5":{"name":"calculateMetabolicProfile","decl":{"start":{"line":90,"column":16},"end":{"line":90,"column":null}},"loc":{"start":{"line":93,"column":26},"end":{"line":168,"column":null}},"line":93}},"branchMap":{"0":{"loc":{"start":{"line":61,"column":2},"end":{"line":61,"column":null}},"type":"if","locations":[{"start":{"line":61,"column":2},"end":{"line":61,"column":null}},{"start":{},"end":{}}],"line":61},"1":{"loc":{"start":{"line":63,"column":9},"end":{"line":63,"column":null}},"type":"binary-expr","locations":[{"start":{"line":63,"column":9},"end":{"line":63,"column":34}},{"start":{"line":63,"column":34},"end":{"line":63,"column":null}}],"line":63},"2":{"loc":{"start":{"line":66,"column":34},"end":{"line":66,"column":56}},"type":"default-arg","locations":[{"start":{"line":66,"column":45},"end":{"line":66,"column":56}}],"line":66},"3":{"loc":{"start":{"line":67,"column":2},"end":{"line":67,"column":null}},"type":"if","locations":[{"start":{"line":67,"column":2},"end":{"line":67,"column":null}},{"start":{},"end":{}}],"line":67},"4":{"loc":{"start":{"line":67,"column":6},"end":{"line":67,"column":55}},"type":"binary-expr","locations":[{"start":{"line":67,"column":6},"end":{"line":67,"column":22}},{"start":{"line":67,"column":22},"end":{"line":67,"column":43}},{"start":{"line":67,"column":43},"end":{"line":67,"column":55}}],"line":67},"5":{"loc":{"start":{"line":69,"column":9},"end":{"line":69,"column":null}},"type":"cond-expr","locations":[{"start":{"line":69,"column":30},"end":{"line":69,"column":34}},{"start":{"line":69,"column":34},"end":{"line":69,"column":null}}],"line":69},"6":{"loc":{"start":{"line":86,"column":2},"end":{"line":86,"column":null}},"type":"if","locations":[{"start":{"line":86,"column":2},"end":{"line":86,"column":null}},{"start":{},"end":{}}],"line":86},"7":{"loc":{"start":{"line":86,"column":6},"end":{"line":86,"column":26}},"type":"binary-expr","locations":[{"start":{"line":86,"column":6},"end":{"line":86,"column":17}},{"start":{"line":86,"column":17},"end":{"line":86,"column":26}}],"line":86},"8":{"loc":{"start":{"line":91,"column":2},"end":{"line":91,"column":null}},"type":"default-arg","locations":[{"start":{"line":91,"column":40},"end":{"line":91,"column":null}}],"line":91},"9":{"loc":{"start":{"line":92,"column":2},"end":{"line":92,"column":null}},"type":"default-arg","locations":[{"start":{"line":92,"column":21},"end":{"line":92,"column":null}}],"line":92},"10":{"loc":{"start":{"line":95,"column":15},"end":{"line":95,"column":null}},"type":"cond-expr","locations":[{"start":{"line":95,"column":44},"end":{"line":95,"column":58}},{"start":{"line":95,"column":58},"end":{"line":95,"column":null}}],"line":95},"11":{"loc":{"start":{"line":109,"column":4},"end":{"line":109,"column":null}},"type":"if","locations":[{"start":{"line":109,"column":4},"end":{"line":109,"column":null}},{"start":{},"end":{}}],"line":109},"12":{"loc":{"start":{"line":111,"column":36},"end":{"line":111,"column":null}},"type":"binary-expr","locations":[{"start":{"line":111,"column":36},"end":{"line":111,"column":55}},{"start":{"line":111,"column":55},"end":{"line":111,"column":null}}],"line":111},"13":{"loc":{"start":{"line":114,"column":18},"end":{"line":114,"column":null}},"type":"cond-expr","locations":[{"start":{"line":114,"column":39},"end":{"line":114,"column":68}},{"start":{"line":114,"column":68},"end":{"line":114,"column":null}}],"line":114},"14":{"loc":{"start":{"line":116,"column":22},"end":{"line":116,"column":null}},"type":"binary-expr","locations":[{"start":{"line":116,"column":22},"end":{"line":116,"column":39}},{"start":{"line":116,"column":39},"end":{"line":116,"column":null}}],"line":116},"15":{"loc":{"start":{"line":133,"column":20},"end":{"line":133,"column":null}},"type":"binary-expr","locations":[{"start":{"line":133,"column":20},"end":{"line":133,"column":38}},{"start":{"line":133,"column":38},"end":{"line":133,"column":62}},{"start":{"line":133,"column":62},"end":{"line":133,"column":null}}],"line":133},"16":{"loc":{"start":{"line":135,"column":24},"end":{"line":135,"column":null}},"type":"cond-expr","locations":[{"start":{"line":135,"column":34},"end":{"line":135,"column":38}},{"start":{"line":135,"column":38},"end":{"line":135,"column":null}}],"line":135},"17":{"loc":{"start":{"line":137,"column":4},"end":{"line":140,"column":null}},"type":"if","locations":[{"start":{"line":137,"column":4},"end":{"line":140,"column":null}},{"start":{},"end":{}}],"line":137},"18":{"loc":{"start":{"line":137,"column":8},"end":{"line":137,"column":35}},"type":"binary-expr","locations":[{"start":{"line":137,"column":8},"end":{"line":137,"column":18}},{"start":{"line":137,"column":18},"end":{"line":137,"column":35}}],"line":137},"19":{"loc":{"start":{"line":146,"column":2},"end":{"line":150,"column":null}},"type":"if","locations":[{"start":{"line":146,"column":2},"end":{"line":150,"column":null}},{"start":{"line":148,"column":9},"end":{"line":150,"column":null}}],"line":146},"20":{"loc":{"start":{"line":148,"column":9},"end":{"line":150,"column":null}},"type":"if","locations":[{"start":{"line":148,"column":9},"end":{"line":150,"column":null}},{"start":{},"end":{}}],"line":148},"21":{"loc":{"start":{"line":154,"column":2},"end":{"line":156,"column":null}},"type":"if","locations":[{"start":{"line":154,"column":2},"end":{"line":156,"column":null}},{"start":{},"end":{}}],"line":154},"22":{"loc":{"start":{"line":154,"column":6},"end":{"line":154,"column":67}},"type":"binary-expr","locations":[{"start":{"line":154,"column":6},"end":{"line":154,"column":27}},{"start":{"line":154,"column":27},"end":{"line":154,"column":43}},{"start":{"line":154,"column":43},"end":{"line":154,"column":67}}],"line":154}},"s":{"0":1,"1":22,"2":3,"3":19,"4":19,"5":130,"6":17,"7":113,"8":113,"9":5,"10":5,"11":8,"12":8,"13":8,"14":6,"15":6,"16":6,"17":4,"18":2,"19":9,"20":9,"21":9,"22":9,"23":9,"24":9,"25":9,"26":9,"27":9,"28":9,"29":9,"30":9,"31":12,"32":12,"33":2,"34":10,"35":12,"36":12,"37":12,"38":12,"39":12,"40":12,"41":12,"42":12,"43":12,"44":12,"45":12,"46":12,"47":12,"48":12,"49":12,"50":12,"51":12,"52":12,"53":12,"54":12,"55":12,"56":4,"57":4,"58":9,"59":9,"60":9,"61":3,"62":6,"63":5,"64":9,"65":9,"66":9,"67":3,"68":9},"f":{"0":22,"1":130,"2":5,"3":8,"4":6,"5":9},"b":{"0":[3,19],"1":[19,1],"2":[130],"3":[17,113],"4":[130,127,114],"5":[109,4],"6":[4,2],"7":[6,4],"8":[9],"9":[9],"10":[8,1],"11":[2,10],"12":[10,3],"13":[9,1],"14":[12,8],"15":[12,3,1],"16":[5,5],"17":[4,8],"18":[12,5],"19":[3,6],"20":[5,1],"21":[3,6],"22":[9,8,3]},"meta":{"lastBranch":23,"lastFunction":6,"lastStatement":69,"seen":{"s:50:56:58:Infinity":0,"f:60:16:60:39":0,"b:61:2:61:Infinity:undefined:undefined:undefined:undefined":0,"s:61:2:61:Infinity":1,"s:61:18:61:Infinity":2,"s:62:14:62:Infinity":3,"s:63:2:63:Infinity":4,"b:63:9:63:34:63:34:63:Infinity":1,"f:66:16:66:24":1,"b:66:45:66:56":2,"b:67:2:67:Infinity:undefined:undefined:undefined:undefined":3,"s:67:2:67:Infinity":5,"b:67:6:67:22:67:22:67:43:67:43:67:55":4,"s:67:55:67:Infinity":6,"s:68:12:68:Infinity":7,"s:69:2:69:Infinity":8,"b:69:30:69:34:69:34:69:Infinity":5,"f:72:16:72:34":2,"s:73:12:73:Infinity":9,"s:74:2:74:Infinity":10,"f:77:16:77:34":3,"s:78:12:78:Infinity":11,"s:79:12:79:Infinity":12,"s:80:2:80:Infinity":13,"f:83:16:83:38":4,"s:84:13:84:Infinity":14,"s:85:13:85:Infinity":15,"b:86:2:86:Infinity:undefined:undefined:undefined:undefined":6,"s:86:2:86:Infinity":16,"b:86:6:86:17:86:17:86:26":7,"s:86:26:86:Infinity":17,"s:87:2:87:Infinity":18,"f:90:16:90:Infinity":5,"b:91:40:91:Infinity":8,"b:92:21:92:Infinity":9,"s:94:23:94:Infinity":19,"s:95:15:95:Infinity":20,"b:95:44:95:58:95:58:95:Infinity":10,"s:97:18:97:Infinity":21,"s:98:21:98:Infinity":22,"s:99:17:99:Infinity":23,"s:100:19:100:Infinity":24,"s:101:19:101:Infinity":25,"s:102:22:102:Infinity":26,"s:104:22:104:Infinity":27,"s:105:24:105:Infinity":28,"s:107:2:141:Infinity":29,"s:107:15:107:18":30,"s:108:17:108:Infinity":31,"b:109:4:109:Infinity:undefined:undefined:undefined:undefined":11,"s:109:4:109:Infinity":32,"s:109:15:109:Infinity":33,"s:111:36:111:Infinity":34,"b:111:36:111:55:111:55:111:Infinity":12,"s:112:26:112:Infinity":35,"s:113:22:113:Infinity":36,"s:114:18:114:Infinity":37,"b:114:39:114:68:114:68:114:Infinity":13,"s:116:22:116:Infinity":38,"b:116:22:116:39:116:39:116:Infinity":14,"s:117:18:117:Infinity":39,"s:118:18:118:Infinity":40,"s:119:15:119:Infinity":41,"s:121:17:121:Infinity":42,"s:122:20:122:Infinity":43,"s:123:16:123:Infinity":44,"s:125:4:125:Infinity":45,"s:126:4:126:Infinity":46,"s:127:4:127:Infinity":47,"s:128:4:128:Infinity":48,"s:129:4:129:Infinity":49,"s:130:4:130:Infinity":50,"s:132:19:132:Infinity":51,"s:133:20:133:Infinity":52,"b:133:20:133:38:133:38:133:62:133:62:133:Infinity":15,"s:134:23:134:Infinity":53,"s:135:24:135:Infinity":54,"b:135:34:135:38:135:38:135:Infinity":16,"b:137:4:140:Infinity:undefined:undefined:undefined:undefined":17,"s:137:4:140:Infinity":55,"b:137:8:137:18:137:18:137:35":18,"s:138:6:138:Infinity":56,"s:139:6:139:Infinity":57,"s:143:31:143:Infinity":58,"s:145:32:145:Infinity":59,"b:146:2:150:Infinity:148:9:150:Infinity":19,"s:146:2:150:Infinity":60,"s:147:4:147:Infinity":61,"b:148:9:150:Infinity:undefined:undefined:undefined:undefined":20,"s:148:9:150:Infinity":62,"s:149:4:149:Infinity":63,"s:152:29:152:Infinity":64,"s:153:27:153:Infinity":65,"b:154:2:156:Infinity:undefined:undefined:undefined:undefined":21,"s:154:2:156:Infinity":66,"b:154:6:154:27:154:27:154:43:154:43:154:67":22,"s:155:4:155:Infinity":67,"s:158:2:167:Infinity":68},"fnNames":{}}}
}
