{"C:\\Users\\fotis\\.gemini\\antigravity\\brain\\GlycoGourmet\\src\\services\\metabolicEngine.ts": {"path":"C:\\Users\\fotis\\.gemini\\antigravity\\brain\\GlycoGourmet\\src\\services\\metabolicEngine.ts","statementMap":{"0":{"start":{"line":59,"column":56},"end":{"line":67,"column":null}},"1":{"start":{"line":70,"column":2},"end":{"line":70,"column":null}},"2":{"start":{"line":70,"column":18},"end":{"line":70,"column":null}},"3":{"start":{"line":71,"column":14},"end":{"line":71,"column":null}},"4":{"start":{"line":72,"column":2},"end":{"line":72,"column":null}},"5":{"start":{"line":76,"column":2},"end":{"line":76,"column":null}},"6":{"start":{"line":76,"column":55},"end":{"line":76,"column":null}},"7":{"start":{"line":77,"column":12},"end":{"line":77,"column":null}},"8":{"start":{"line":78,"column":2},"end":{"line":78,"column":null}},"9":{"start":{"line":82,"column":12},"end":{"line":82,"column":null}},"10":{"start":{"line":83,"column":2},"end":{"line":83,"column":null}},"11":{"start":{"line":87,"column":12},"end":{"line":87,"column":null}},"12":{"start":{"line":88,"column":12},"end":{"line":88,"column":null}},"13":{"start":{"line":89,"column":2},"end":{"line":89,"column":null}},"14":{"start":{"line":93,"column":13},"end":{"line":93,"column":null}},"15":{"start":{"line":94,"column":13},"end":{"line":94,"column":null}},"16":{"start":{"line":95,"column":2},"end":{"line":95,"column":null}},"17":{"start":{"line":95,"column":26},"end":{"line":95,"column":null}},"18":{"start":{"line":96,"column":2},"end":{"line":96,"column":null}},"19":{"start":{"line":103,"column":23},"end":{"line":103,"column":null}},"20":{"start":{"line":104,"column":15},"end":{"line":104,"column":null}},"21":{"start":{"line":106,"column":18},"end":{"line":106,"column":null}},"22":{"start":{"line":107,"column":21},"end":{"line":107,"column":null}},"23":{"start":{"line":108,"column":17},"end":{"line":108,"column":null}},"24":{"start":{"line":109,"column":19},"end":{"line":109,"column":null}},"25":{"start":{"line":110,"column":19},"end":{"line":110,"column":null}},"26":{"start":{"line":111,"column":22},"end":{"line":111,"column":null}},"27":{"start":{"line":113,"column":26},"end":{"line":113,"column":null}},"28":{"start":{"line":114,"column":26},"end":{"line":114,"column":null}},"29":{"start":{"line":116,"column":55},"end":{"line":116,"column":null}},"30":{"start":{"line":118,"column":2},"end":{"line":163,"column":null}},"31":{"start":{"line":118,"column":15},"end":{"line":118,"column":18}},"32":{"start":{"line":119,"column":17},"end":{"line":119,"column":null}},"33":{"start":{"line":120,"column":4},"end":{"line":120,"column":null}},"34":{"start":{"line":120,"column":15},"end":{"line":120,"column":null}},"35":{"start":{"line":122,"column":36},"end":{"line":122,"column":null}},"36":{"start":{"line":123,"column":26},"end":{"line":123,"column":null}},"37":{"start":{"line":124,"column":22},"end":{"line":124,"column":null}},"38":{"start":{"line":125,"column":18},"end":{"line":125,"column":null}},"39":{"start":{"line":127,"column":22},"end":{"line":127,"column":null}},"40":{"start":{"line":128,"column":18},"end":{"line":128,"column":null}},"41":{"start":{"line":129,"column":18},"end":{"line":129,"column":null}},"42":{"start":{"line":130,"column":15},"end":{"line":130,"column":null}},"43":{"start":{"line":132,"column":17},"end":{"line":132,"column":null}},"44":{"start":{"line":133,"column":20},"end":{"line":133,"column":null}},"45":{"start":{"line":134,"column":16},"end":{"line":134,"column":null}},"46":{"start":{"line":136,"column":4},"end":{"line":136,"column":null}},"47":{"start":{"line":137,"column":4},"end":{"line":137,"column":null}},"48":{"start":{"line":138,"column":4},"end":{"line":138,"column":null}},"49":{"start":{"line":139,"column":4},"end":{"line":139,"column":null}},"50":{"start":{"line":140,"column":4},"end":{"line":140,"column":null}},"51":{"start":{"line":141,"column":4},"end":{"line":141,"column":null}},"52":{"start":{"line":143,"column":19},"end":{"line":143,"column":null}},"53":{"start":{"line":144,"column":20},"end":{"line":144,"column":null}},"54":{"start":{"line":145,"column":23},"end":{"line":145,"column":null}},"55":{"start":{"line":146,"column":24},"end":{"line":146,"column":null}},"56":{"start":{"line":149,"column":4},"end":{"line":152,"column":null}},"57":{"start":{"line":150,"column":6},"end":{"line":150,"column":null}},"58":{"start":{"line":151,"column":6},"end":{"line":151,"column":null}},"59":{"start":{"line":154,"column":27},"end":{"line":154,"column":null}},"60":{"start":{"line":155,"column":4},"end":{"line":161,"column":null}},"61":{"start":{"line":165,"column":31},"end":{"line":165,"column":null}},"62":{"start":{"line":167,"column":32},"end":{"line":167,"column":null}},"63":{"start":{"line":168,"column":2},"end":{"line":172,"column":null}},"64":{"start":{"line":169,"column":4},"end":{"line":169,"column":null}},"65":{"start":{"line":170,"column":9},"end":{"line":172,"column":null}},"66":{"start":{"line":171,"column":4},"end":{"line":171,"column":null}},"67":{"start":{"line":174,"column":29},"end":{"line":174,"column":null}},"68":{"start":{"line":175,"column":27},"end":{"line":175,"column":null}},"69":{"start":{"line":176,"column":2},"end":{"line":178,"column":null}},"70":{"start":{"line":177,"column":4},"end":{"line":177,"column":null}},"71":{"start":{"line":180,"column":2},"end":{"line":189,"column":null}},"72":{"start":{"line":250,"column":18},"end":{"line":250,"column":null}},"73":{"start":{"line":251,"column":21},"end":{"line":251,"column":null}},"74":{"start":{"line":252,"column":17},"end":{"line":252,"column":null}},"75":{"start":{"line":253,"column":19},"end":{"line":253,"column":null}},"76":{"start":{"line":254,"column":19},"end":{"line":254,"column":null}},"77":{"start":{"line":255,"column":22},"end":{"line":255,"column":null}},"78":{"start":{"line":257,"column":22},"end":{"line":257,"column":null}},"79":{"start":{"line":258,"column":27},"end":{"line":258,"column":null}},"80":{"start":{"line":260,"column":2},"end":{"line":272,"column":null}},"81":{"start":{"line":261,"column":4},"end":{"line":271,"column":null}},"82":{"start":{"line":274,"column":16},"end":{"line":274,"column":null}},"83":{"start":{"line":276,"column":2},"end":{"line":310,"column":null}},"84":{"start":{"line":277,"column":4},"end":{"line":277,"column":null}},"85":{"start":{"line":277,"column":51},"end":{"line":277,"column":null}},"86":{"start":{"line":279,"column":19},"end":{"line":279,"column":null}},"87":{"start":{"line":280,"column":4},"end":{"line":280,"column":null}},"88":{"start":{"line":280,"column":40},"end":{"line":280,"column":null}},"89":{"start":{"line":283,"column":31},"end":{"line":283,"column":null}},"90":{"start":{"line":284,"column":30},"end":{"line":284,"column":null}},"91":{"start":{"line":287,"column":20},"end":{"line":287,"column":null}},"92":{"start":{"line":290,"column":23},"end":{"line":290,"column":null}},"93":{"start":{"line":291,"column":26},"end":{"line":291,"column":null}},"94":{"start":{"line":292,"column":22},"end":{"line":292,"column":null}},"95":{"start":{"line":293,"column":24},"end":{"line":293,"column":null}},"96":{"start":{"line":294,"column":24},"end":{"line":294,"column":null}},"97":{"start":{"line":295,"column":27},"end":{"line":295,"column":null}},"98":{"start":{"line":296,"column":21},"end":{"line":296,"column":null}},"99":{"start":{"line":298,"column":4},"end":{"line":298,"column":null}},"100":{"start":{"line":299,"column":4},"end":{"line":299,"column":null}},"101":{"start":{"line":300,"column":4},"end":{"line":300,"column":null}},"102":{"start":{"line":301,"column":4},"end":{"line":301,"column":null}},"103":{"start":{"line":302,"column":4},"end":{"line":302,"column":null}},"104":{"start":{"line":303,"column":4},"end":{"line":303,"column":null}},"105":{"start":{"line":306,"column":4},"end":{"line":309,"column":null}},"106":{"start":{"line":307,"column":6},"end":{"line":307,"column":null}},"107":{"start":{"line":308,"column":6},"end":{"line":308,"column":null}},"108":{"start":{"line":313,"column":26},"end":{"line":313,"column":null}},"109":{"start":{"line":314,"column":2},"end":{"line":316,"column":null}},"110":{"start":{"line":315,"column":4},"end":{"line":315,"column":null}},"111":{"start":{"line":319,"column":2},"end":{"line":329,"column":null}},"112":{"start":{"line":346,"column":19},"end":{"line":346,"column":null}},"113":{"start":{"line":348,"column":25},"end":{"line":350,"column":null}},"114":{"start":{"line":349,"column":24},"end":{"line":349,"column":null}},"115":{"start":{"line":352,"column":26},"end":{"line":352,"column":null}},"116":{"start":{"line":354,"column":2},"end":{"line":360,"column":null}},"117":{"start":{"line":355,"column":4},"end":{"line":359,"column":null}},"118":{"start":{"line":362,"column":23},"end":{"line":362,"column":null}},"119":{"start":{"line":363,"column":14},"end":{"line":363,"column":null}},"120":{"start":{"line":365,"column":2},"end":{"line":370,"column":null}},"121":{"start":{"line":366,"column":4},"end":{"line":366,"column":null}},"122":{"start":{"line":367,"column":4},"end":{"line":369,"column":null}},"123":{"start":{"line":368,"column":6},"end":{"line":368,"column":null}},"124":{"start":{"line":372,"column":21},"end":{"line":372,"column":null}},"125":{"start":{"line":373,"column":27},"end":{"line":373,"column":null}},"126":{"start":{"line":374,"column":27},"end":{"line":374,"column":null}},"127":{"start":{"line":376,"column":2},"end":{"line":380,"column":null}},"128":{"start":{"line":398,"column":22},"end":{"line":398,"column":null}},"129":{"start":{"line":401,"column":52},"end":{"line":410,"column":null}},"130":{"start":{"line":402,"column":4},"end":{"line":402,"column":null}},"131":{"start":{"line":402,"column":15},"end":{"line":402,"column":null}},"132":{"start":{"line":403,"column":19},"end":{"line":403,"column":null}},"133":{"start":{"line":404,"column":4},"end":{"line":404,"column":null}},"134":{"start":{"line":406,"column":4},"end":{"line":408,"column":null}},"135":{"start":{"line":407,"column":6},"end":{"line":407,"column":null}},"136":{"start":{"line":409,"column":4},"end":{"line":409,"column":null}},"137":{"start":{"line":413,"column":18},"end":{"line":413,"column":null}},"138":{"start":{"line":415,"column":2},"end":{"line":419,"column":null}}},"fnMap":{"0":{"name":"getPrepStateMultiplier","decl":{"start":{"line":69,"column":16},"end":{"line":69,"column":39}},"loc":{"start":{"line":69,"column":74},"end":{"line":73,"column":null}},"line":69},"1":{"name":"safeNum","decl":{"start":{"line":75,"column":16},"end":{"line":75,"column":24}},"loc":{"start":{"line":75,"column":56},"end":{"line":79,"column":null}},"line":75},"2":{"name":"roundToOneDecimal","decl":{"start":{"line":81,"column":16},"end":{"line":81,"column":34}},"loc":{"start":{"line":81,"column":52},"end":{"line":84,"column":null}},"line":81},"3":{"name":"calculateNetCarbs","decl":{"start":{"line":86,"column":16},"end":{"line":86,"column":34}},"loc":{"start":{"line":86,"column":66},"end":{"line":90,"column":null}},"line":86},"4":{"name":"calculateIngredientGL","decl":{"start":{"line":92,"column":16},"end":{"line":92,"column":38}},"loc":{"start":{"line":92,"column":79},"end":{"line":97,"column":null}},"line":92},"5":{"name":"calculateMetabolicProfile","decl":{"start":{"line":99,"column":16},"end":{"line":99,"column":null}},"loc":{"start":{"line":102,"column":26},"end":{"line":190,"column":null}},"line":102},"6":{"name":"calculateDailyRollup","decl":{"start":{"line":245,"column":16},"end":{"line":245,"column":null}},"loc":{"start":{"line":249,"column":21},"end":{"line":330,"column":null}},"line":249},"7":{"name":"calculateWeeklyAdherence","decl":{"start":{"line":342,"column":16},"end":{"line":342,"column":null}},"loc":{"start":{"line":345,"column":25},"end":{"line":381,"column":null}},"line":345},"8":{"name":"(anonymous_8)","decl":{"start":{"line":348,"column":69},"end":{"line":348,"column":null}},"loc":{"start":{"line":349,"column":24},"end":{"line":349,"column":null}},"line":349},"9":{"name":"applyServingScale","decl":{"start":{"line":394,"column":16},"end":{"line":394,"column":null}},"loc":{"start":{"line":397,"column":22},"end":{"line":420,"column":null}},"line":397},"10":{"name":"(anonymous_10)","decl":{"start":{"line":401,"column":64},"end":{"line":401,"column":69}},"loc":{"start":{"line":401,"column":78},"end":{"line":410,"column":3}},"line":401}},"branchMap":{"0":{"loc":{"start":{"line":70,"column":2},"end":{"line":70,"column":null}},"type":"if","locations":[{"start":{"line":70,"column":2},"end":{"line":70,"column":null}},{"start":{},"end":{}}],"line":70},"1":{"loc":{"start":{"line":72,"column":9},"end":{"line":72,"column":null}},"type":"binary-expr","locations":[{"start":{"line":72,"column":9},"end":{"line":72,"column":34}},{"start":{"line":72,"column":34},"end":{"line":72,"column":null}}],"line":72},"2":{"loc":{"start":{"line":75,"column":34},"end":{"line":75,"column":56}},"type":"default-arg","locations":[{"start":{"line":75,"column":45},"end":{"line":75,"column":56}}],"line":75},"3":{"loc":{"start":{"line":76,"column":2},"end":{"line":76,"column":null}},"type":"if","locations":[{"start":{"line":76,"column":2},"end":{"line":76,"column":null}},{"start":{},"end":{}}],"line":76},"4":{"loc":{"start":{"line":76,"column":6},"end":{"line":76,"column":55}},"type":"binary-expr","locations":[{"start":{"line":76,"column":6},"end":{"line":76,"column":22}},{"start":{"line":76,"column":22},"end":{"line":76,"column":43}},{"start":{"line":76,"column":43},"end":{"line":76,"column":55}}],"line":76},"5":{"loc":{"start":{"line":78,"column":9},"end":{"line":78,"column":null}},"type":"cond-expr","locations":[{"start":{"line":78,"column":30},"end":{"line":78,"column":34}},{"start":{"line":78,"column":34},"end":{"line":78,"column":null}}],"line":78},"6":{"loc":{"start":{"line":95,"column":2},"end":{"line":95,"column":null}},"type":"if","locations":[{"start":{"line":95,"column":2},"end":{"line":95,"column":null}},{"start":{},"end":{}}],"line":95},"7":{"loc":{"start":{"line":95,"column":6},"end":{"line":95,"column":26}},"type":"binary-expr","locations":[{"start":{"line":95,"column":6},"end":{"line":95,"column":17}},{"start":{"line":95,"column":17},"end":{"line":95,"column":26}}],"line":95},"8":{"loc":{"start":{"line":100,"column":2},"end":{"line":100,"column":null}},"type":"default-arg","locations":[{"start":{"line":100,"column":40},"end":{"line":100,"column":null}}],"line":100},"9":{"loc":{"start":{"line":101,"column":2},"end":{"line":101,"column":null}},"type":"default-arg","locations":[{"start":{"line":101,"column":21},"end":{"line":101,"column":null}}],"line":101},"10":{"loc":{"start":{"line":104,"column":15},"end":{"line":104,"column":null}},"type":"cond-expr","locations":[{"start":{"line":104,"column":44},"end":{"line":104,"column":58}},{"start":{"line":104,"column":58},"end":{"line":104,"column":null}}],"line":104},"11":{"loc":{"start":{"line":120,"column":4},"end":{"line":120,"column":null}},"type":"if","locations":[{"start":{"line":120,"column":4},"end":{"line":120,"column":null}},{"start":{},"end":{}}],"line":120},"12":{"loc":{"start":{"line":122,"column":36},"end":{"line":122,"column":null}},"type":"binary-expr","locations":[{"start":{"line":122,"column":36},"end":{"line":122,"column":55}},{"start":{"line":122,"column":55},"end":{"line":122,"column":null}}],"line":122},"13":{"loc":{"start":{"line":125,"column":18},"end":{"line":125,"column":null}},"type":"cond-expr","locations":[{"start":{"line":125,"column":39},"end":{"line":125,"column":68}},{"start":{"line":125,"column":68},"end":{"line":125,"column":null}}],"line":125},"14":{"loc":{"start":{"line":127,"column":22},"end":{"line":127,"column":null}},"type":"binary-expr","locations":[{"start":{"line":127,"column":22},"end":{"line":127,"column":39}},{"start":{"line":127,"column":39},"end":{"line":127,"column":null}}],"line":127},"15":{"loc":{"start":{"line":144,"column":20},"end":{"line":144,"column":null}},"type":"binary-expr","locations":[{"start":{"line":144,"column":20},"end":{"line":144,"column":38}},{"start":{"line":144,"column":38},"end":{"line":144,"column":62}},{"start":{"line":144,"column":62},"end":{"line":144,"column":null}}],"line":144},"16":{"loc":{"start":{"line":146,"column":24},"end":{"line":146,"column":null}},"type":"cond-expr","locations":[{"start":{"line":146,"column":34},"end":{"line":146,"column":38}},{"start":{"line":146,"column":38},"end":{"line":146,"column":null}}],"line":146},"17":{"loc":{"start":{"line":149,"column":4},"end":{"line":152,"column":null}},"type":"if","locations":[{"start":{"line":149,"column":4},"end":{"line":152,"column":null}},{"start":{},"end":{}}],"line":149},"18":{"loc":{"start":{"line":149,"column":8},"end":{"line":149,"column":35}},"type":"binary-expr","locations":[{"start":{"line":149,"column":8},"end":{"line":149,"column":18}},{"start":{"line":149,"column":18},"end":{"line":149,"column":35}}],"line":149},"19":{"loc":{"start":{"line":156,"column":18},"end":{"line":156,"column":null}},"type":"binary-expr","locations":[{"start":{"line":156,"column":18},"end":{"line":156,"column":37}},{"start":{"line":156,"column":37},"end":{"line":156,"column":58}},{"start":{"line":156,"column":58},"end":{"line":156,"column":68}},{"start":{"line":156,"column":68},"end":{"line":156,"column":null}}],"line":156},"20":{"loc":{"start":{"line":157,"column":12},"end":{"line":157,"column":null}},"type":"binary-expr","locations":[{"start":{"line":157,"column":12},"end":{"line":157,"column":24}},{"start":{"line":157,"column":24},"end":{"line":157,"column":null}}],"line":157},"21":{"loc":{"start":{"line":168,"column":2},"end":{"line":172,"column":null}},"type":"if","locations":[{"start":{"line":168,"column":2},"end":{"line":172,"column":null}},{"start":{"line":170,"column":9},"end":{"line":172,"column":null}}],"line":168},"22":{"loc":{"start":{"line":170,"column":9},"end":{"line":172,"column":null}},"type":"if","locations":[{"start":{"line":170,"column":9},"end":{"line":172,"column":null}},{"start":{},"end":{}}],"line":170},"23":{"loc":{"start":{"line":176,"column":2},"end":{"line":178,"column":null}},"type":"if","locations":[{"start":{"line":176,"column":2},"end":{"line":178,"column":null}},{"start":{},"end":{}}],"line":176},"24":{"loc":{"start":{"line":176,"column":6},"end":{"line":176,"column":67}},"type":"binary-expr","locations":[{"start":{"line":176,"column":6},"end":{"line":176,"column":27}},{"start":{"line":176,"column":27},"end":{"line":176,"column":43}},{"start":{"line":176,"column":43},"end":{"line":176,"column":67}}],"line":176},"25":{"loc":{"start":{"line":260,"column":2},"end":{"line":272,"column":null}},"type":"if","locations":[{"start":{"line":260,"column":2},"end":{"line":272,"column":null}},{"start":{},"end":{}}],"line":260},"26":{"loc":{"start":{"line":260,"column":6},"end":{"line":260,"column":73}},"type":"binary-expr","locations":[{"start":{"line":260,"column":6},"end":{"line":260,"column":31}},{"start":{"line":260,"column":31},"end":{"line":260,"column":73}}],"line":260},"27":{"loc":{"start":{"line":277,"column":4},"end":{"line":277,"column":null}},"type":"if","locations":[{"start":{"line":277,"column":4},"end":{"line":277,"column":null}},{"start":{},"end":{}}],"line":277},"28":{"loc":{"start":{"line":277,"column":8},"end":{"line":277,"column":51}},"type":"binary-expr","locations":[{"start":{"line":277,"column":8},"end":{"line":277,"column":21}},{"start":{"line":277,"column":21},"end":{"line":277,"column":51}}],"line":277},"29":{"loc":{"start":{"line":280,"column":4},"end":{"line":280,"column":null}},"type":"if","locations":[{"start":{"line":280,"column":4},"end":{"line":280,"column":null}},{"start":{},"end":{}}],"line":280},"30":{"loc":{"start":{"line":280,"column":8},"end":{"line":280,"column":40}},"type":"binary-expr","locations":[{"start":{"line":280,"column":8},"end":{"line":280,"column":19}},{"start":{"line":280,"column":19},"end":{"line":280,"column":40}}],"line":280},"31":{"loc":{"start":{"line":283,"column":31},"end":{"line":283,"column":null}},"type":"binary-expr","locations":[{"start":{"line":283,"column":31},"end":{"line":283,"column":66}},{"start":{"line":283,"column":66},"end":{"line":283,"column":null}}],"line":283},"32":{"loc":{"start":{"line":306,"column":4},"end":{"line":309,"column":null}},"type":"if","locations":[{"start":{"line":306,"column":4},"end":{"line":309,"column":null}},{"start":{},"end":{}}],"line":306},"33":{"loc":{"start":{"line":306,"column":8},"end":{"line":306,"column":44}},"type":"binary-expr","locations":[{"start":{"line":306,"column":8},"end":{"line":306,"column":30}},{"start":{"line":306,"column":30},"end":{"line":306,"column":44}}],"line":306},"34":{"loc":{"start":{"line":314,"column":2},"end":{"line":316,"column":null}},"type":"if","locations":[{"start":{"line":314,"column":2},"end":{"line":316,"column":null}},{"start":{},"end":{}}],"line":314},"35":{"loc":{"start":{"line":348,"column":39},"end":{"line":348,"column":67}},"type":"binary-expr","locations":[{"start":{"line":348,"column":39},"end":{"line":348,"column":65}},{"start":{"line":348,"column":65},"end":{"line":348,"column":67}}],"line":348},"36":{"loc":{"start":{"line":349,"column":24},"end":{"line":349,"column":null}},"type":"binary-expr","locations":[{"start":{"line":349,"column":24},"end":{"line":349,"column":43}},{"start":{"line":349,"column":43},"end":{"line":349,"column":57}},{"start":{"line":349,"column":57},"end":{"line":349,"column":null}}],"line":349},"37":{"loc":{"start":{"line":354,"column":2},"end":{"line":360,"column":null}},"type":"if","locations":[{"start":{"line":354,"column":2},"end":{"line":360,"column":null}},{"start":{},"end":{}}],"line":354},"38":{"loc":{"start":{"line":367,"column":4},"end":{"line":369,"column":null}},"type":"if","locations":[{"start":{"line":367,"column":4},"end":{"line":369,"column":null}},{"start":{},"end":{}}],"line":367},"39":{"loc":{"start":{"line":398,"column":22},"end":{"line":398,"column":null}},"type":"cond-expr","locations":[{"start":{"line":398,"column":57},"end":{"line":398,"column":77}},{"start":{"line":398,"column":77},"end":{"line":398,"column":null}}],"line":398},"40":{"loc":{"start":{"line":402,"column":4},"end":{"line":402,"column":null}},"type":"if","locations":[{"start":{"line":402,"column":4},"end":{"line":402,"column":null}},{"start":{},"end":{}}],"line":402},"41":{"loc":{"start":{"line":406,"column":4},"end":{"line":408,"column":null}},"type":"if","locations":[{"start":{"line":406,"column":4},"end":{"line":408,"column":null}},{"start":{},"end":{}}],"line":406}},"s":{"0":0,"1":0,"2":0,"3":0,"4":0,"5":0,"6":0,"7":0,"8":0,"9":0,"10":0,"11":0,"12":0,"13":0,"14":0,"15":0,"16":0,"17":0,"18":0,"19":0,"20":0,"21":0,"22":0,"23":0,"24":0,"25":0,"26":0,"27":0,"28":0,"29":0,"30":0,"31":0,"32":0,"33":0,"34":0,"35":0,"36":0,"37":0,"38":0,"39":0,"40":0,"41":0,"42":0,"43":0,"44":0,"45":0,"46":0,"47":0,"48":0,"49":0,"50":0,"51":0,"52":0,"53":0,"54":0,"55":0,"56":0,"57":0,"58":0,"59":0,"60":0,"61":0,"62":0,"63":0,"64":0,"65":0,"66":0,"67":0,"68":0,"69":0,"70":0,"71":0,"72":0,"73":0,"74":0,"75":0,"76":0,"77":0,"78":0,"79":0,"80":0,"81":0,"82":0,"83":0,"84":0,"85":0,"86":0,"87":0,"88":0,"89":0,"90":0,"91":0,"92":0,"93":0,"94":0,"95":0,"96":0,"97":0,"98":0,"99":0,"100":0,"101":0,"102":0,"103":0,"104":0,"105":0,"106":0,"107":0,"108":0,"109":0,"110":0,"111":0,"112":0,"113":0,"114":0,"115":0,"116":0,"117":0,"118":0,"119":0,"120":0,"121":0,"122":0,"123":0,"124":0,"125":0,"126":0,"127":0,"128":0,"129":0,"130":0,"131":0,"132":0,"133":0,"134":0,"135":0,"136":0,"137":0,"138":0},"f":{"0":0,"1":0,"2":0,"3":0,"4":0,"5":0,"6":0,"7":0,"8":0,"9":0,"10":0},"b":{"0":[0,0],"1":[0,0],"2":[0],"3":[0,0],"4":[0,0,0],"5":[0,0],"6":[0,0],"7":[0,0],"8":[0],"9":[0],"10":[0,0],"11":[0,0],"12":[0,0],"13":[0,0],"14":[0,0],"15":[0,0,0],"16":[0,0],"17":[0,0],"18":[0,0],"19":[0,0,0,0],"20":[0,0],"21":[0,0],"22":[0,0],"23":[0,0],"24":[0,0,0],"25":[0,0],"26":[0,0],"27":[0,0],"28":[0,0],"29":[0,0],"30":[0,0],"31":[0,0],"32":[0,0],"33":[0,0],"34":[0,0],"35":[0,0],"36":[0,0,0],"37":[0,0],"38":[0,0],"39":[0,0],"40":[0,0],"41":[0,0]},"meta":{"lastBranch":42,"lastFunction":11,"lastStatement":139,"seen":{"s:59:56:67:Infinity":0,"f:69:16:69:39":0,"b:70:2:70:Infinity:undefined:undefined:undefined:undefined":0,"s:70:2:70:Infinity":1,"s:70:18:70:Infinity":2,"s:71:14:71:Infinity":3,"s:72:2:72:Infinity":4,"b:72:9:72:34:72:34:72:Infinity":1,"f:75:16:75:24":1,"b:75:45:75:56":2,"b:76:2:76:Infinity:undefined:undefined:undefined:undefined":3,"s:76:2:76:Infinity":5,"b:76:6:76:22:76:22:76:43:76:43:76:55":4,"s:76:55:76:Infinity":6,"s:77:12:77:Infinity":7,"s:78:2:78:Infinity":8,"b:78:30:78:34:78:34:78:Infinity":5,"f:81:16:81:34":2,"s:82:12:82:Infinity":9,"s:83:2:83:Infinity":10,"f:86:16:86:34":3,"s:87:12:87:Infinity":11,"s:88:12:88:Infinity":12,"s:89:2:89:Infinity":13,"f:92:16:92:38":4,"s:93:13:93:Infinity":14,"s:94:13:94:Infinity":15,"b:95:2:95:Infinity:undefined:undefined:undefined:undefined":6,"s:95:2:95:Infinity":16,"b:95:6:95:17:95:17:95:26":7,"s:95:26:95:Infinity":17,"s:96:2:96:Infinity":18,"f:99:16:99:Infinity":5,"b:100:40:100:Infinity":8,"b:101:21:101:Infinity":9,"s:103:23:103:Infinity":19,"s:104:15:104:Infinity":20,"b:104:44:104:58:104:58:104:Infinity":10,"s:106:18:106:Infinity":21,"s:107:21:107:Infinity":22,"s:108:17:108:Infinity":23,"s:109:19:109:Infinity":24,"s:110:19:110:Infinity":25,"s:111:22:111:Infinity":26,"s:113:26:113:Infinity":27,"s:114:26:114:Infinity":28,"s:116:55:116:Infinity":29,"s:118:2:163:Infinity":30,"s:118:15:118:18":31,"s:119:17:119:Infinity":32,"b:120:4:120:Infinity:undefined:undefined:undefined:undefined":11,"s:120:4:120:Infinity":33,"s:120:15:120:Infinity":34,"s:122:36:122:Infinity":35,"b:122:36:122:55:122:55:122:Infinity":12,"s:123:26:123:Infinity":36,"s:124:22:124:Infinity":37,"s:125:18:125:Infinity":38,"b:125:39:125:68:125:68:125:Infinity":13,"s:127:22:127:Infinity":39,"b:127:22:127:39:127:39:127:Infinity":14,"s:128:18:128:Infinity":40,"s:129:18:129:Infinity":41,"s:130:15:130:Infinity":42,"s:132:17:132:Infinity":43,"s:133:20:133:Infinity":44,"s:134:16:134:Infinity":45,"s:136:4:136:Infinity":46,"s:137:4:137:Infinity":47,"s:138:4:138:Infinity":48,"s:139:4:139:Infinity":49,"s:140:4:140:Infinity":50,"s:141:4:141:Infinity":51,"s:143:19:143:Infinity":52,"s:144:20:144:Infinity":53,"b:144:20:144:38:144:38:144:62:144:62:144:Infinity":15,"s:145:23:145:Infinity":54,"s:146:24:146:Infinity":55,"b:146:34:146:38:146:38:146:Infinity":16,"b:149:4:152:Infinity:undefined:undefined:undefined:undefined":17,"s:149:4:152:Infinity":56,"b:149:8:149:18:149:18:149:35":18,"s:150:6:150:Infinity":57,"s:151:6:151:Infinity":58,"s:154:27:154:Infinity":59,"s:155:4:161:Infinity":60,"b:156:18:156:37:156:37:156:58:156:58:156:68:156:68:156:Infinity":19,"b:157:12:157:24:157:24:157:Infinity":20,"s:165:31:165:Infinity":61,"s:167:32:167:Infinity":62,"b:168:2:172:Infinity:170:9:172:Infinity":21,"s:168:2:172:Infinity":63,"s:169:4:169:Infinity":64,"b:170:9:172:Infinity:undefined:undefined:undefined:undefined":22,"s:170:9:172:Infinity":65,"s:171:4:171:Infinity":66,"s:174:29:174:Infinity":67,"s:175:27:175:Infinity":68,"b:176:2:178:Infinity:undefined:undefined:undefined:undefined":23,"s:176:2:178:Infinity":69,"b:176:6:176:27:176:27:176:43:176:43:176:67":24,"s:177:4:177:Infinity":70,"s:180:2:189:Infinity":71,"f:245:16:245:Infinity":6,"s:250:18:250:Infinity":72,"s:251:21:251:Infinity":73,"s:252:17:252:Infinity":74,"s:253:19:253:Infinity":75,"s:254:19:254:Infinity":76,"s:255:22:255:Infinity":77,"s:257:22:257:Infinity":78,"s:258:27:258:Infinity":79,"b:260:2:272:Infinity:undefined:undefined:undefined:undefined":25,"s:260:2:272:Infinity":80,"b:260:6:260:31:260:31:260:73":26,"s:261:4:271:Infinity":81,"s:274:16:274:Infinity":82,"s:276:2:310:Infinity":83,"b:277:4:277:Infinity:undefined:undefined:undefined:undefined":27,"s:277:4:277:Infinity":84,"b:277:8:277:21:277:21:277:51":28,"s:277:51:277:Infinity":85,"s:279:19:279:Infinity":86,"b:280:4:280:Infinity:undefined:undefined:undefined:undefined":29,"s:280:4:280:Infinity":87,"b:280:8:280:19:280:19:280:40":30,"s:280:40:280:Infinity":88,"s:283:31:283:Infinity":89,"b:283:31:283:66:283:66:283:Infinity":31,"s:284:30:284:Infinity":90,"s:287:20:287:Infinity":91,"s:290:23:290:Infinity":92,"s:291:26:291:Infinity":93,"s:292:22:292:Infinity":94,"s:293:24:293:Infinity":95,"s:294:24:294:Infinity":96,"s:295:27:295:Infinity":97,"s:296:21:296:Infinity":98,"s:298:4:298:Infinity":99,"s:299:4:299:Infinity":100,"s:300:4:300:Infinity":101,"s:301:4:301:Infinity":102,"s:302:4:302:Infinity":103,"s:303:4:303:Infinity":104,"b:306:4:309:Infinity:undefined:undefined:undefined:undefined":32,"s:306:4:309:Infinity":105,"b:306:8:306:30:306:30:306:44":33,"s:307:6:307:Infinity":106,"s:308:6:308:Infinity":107,"s:313:26:313:Infinity":108,"b:314:2:316:Infinity:undefined:undefined:undefined:undefined":34,"s:314:2:316:Infinity":109,"s:315:4:315:Infinity":110,"s:319:2:329:Infinity":111,"f:342:16:342:Infinity":7,"s:346:19:346:Infinity":112,"s:348:25:350:Infinity":113,"b:348:39:348:65:348:65:348:67":35,"f:348:69:348:Infinity":8,"s:349:24:349:Infinity":114,"b:349:24:349:43:349:43:349:57:349:57:349:Infinity":36,"s:352:26:352:Infinity":115,"b:354:2:360:Infinity:undefined:undefined:undefined:undefined":37,"s:354:2:360:Infinity":116,"s:355:4:359:Infinity":117,"s:362:23:362:Infinity":118,"s:363:14:363:Infinity":119,"s:365:2:370:Infinity":120,"s:366:4:366:Infinity":121,"b:367:4:369:Infinity:undefined:undefined:undefined:undefined":38,"s:367:4:369:Infinity":122,"s:368:6:368:Infinity":123,"s:372:21:372:Infinity":124,"s:373:27:373:Infinity":125,"s:374:27:374:Infinity":126,"s:376:2:380:Infinity":127,"f:394:16:394:Infinity":9,"s:398:22:398:Infinity":128,"b:398:57:398:77:398:77:398:Infinity":39,"s:401:52:410:Infinity":129,"f:401:64:401:69":10,"b:402:4:402:Infinity:undefined:undefined:undefined:undefined":40,"s:402:4:402:Infinity":130,"s:402:15:402:Infinity":131,"s:403:19:403:Infinity":132,"s:404:4:404:Infinity":133,"b:406:4:408:Infinity:undefined:undefined:undefined:undefined":41,"s:406:4:408:Infinity":134,"s:407:6:407:Infinity":135,"s:409:4:409:Infinity":136,"s:413:18:413:Infinity":137,"s:415:2:419:Infinity":138},"fnNames":{}}}
}
